[Wed Nov 28 23:26:55 EST 2018] [INFO] Add Course                              |soen1 fall                              |Add Successful                          |
[Wed Nov 28 23:26:55 EST 2018] [INFO] Add Course                              |soen2 fall                              |Add Successful                          |
[Wed Nov 28 23:26:57 EST 2018] [INFO] Add Course                              |soen1 fall                              |The Course Have Already Added!          |
[Wed Nov 28 23:26:57 EST 2018] [INFO] Add Course                              |soen2 fall                              |The Course Have Already Added!          |
[Wed Nov 28 23:26:57 EST 2018] [INFO] Add Course                              |soen3 fall                              |Add Successful                          |
[Wed Nov 28 23:26:57 EST 2018] [INFO] 
UDP AT PORT soen SEND REQUEST TO 6667  |
SWAP_DROP COMPS1234 COMP1              |
[Wed Nov 28 23:26:57 EST 2018] [INFO] 
UDP AT PORT soen GET REPLY FROM 6667   |
SWAP COURSE SUCCESSFUL!                |
[Wed Nov 28 23:26:57 EST 2018] [INFO] 
UDP AT PORT soen SEND REQUEST TO 6668  |
SHOW_AVAILABLE_COURSES FALL            |
[Wed Nov 28 23:26:57 EST 2018] [INFO] 
UDP AT PORT soen GET REPLY FROM 6668   |
SOEN1--1 SOEN2--2 SOEN3--2             |
[Wed Nov 28 23:26:57 EST 2018] [INFO] 
UDP AT PORT soen SEND REQUEST TO 6667  |
SHOW_AVAILABLE_COURSES FALL            |
[Wed Nov 28 23:26:57 EST 2018] [INFO] 
UDP AT PORT soen GET REPLY FROM 6667   |
COMP3--2 COMP2--2 COMP1--2             |
[Wed Nov 28 23:26:57 EST 2018] [INFO] 
UDP AT PORT soen SEND REQUEST TO 6669  |
SHOW_AVAILABLE_COURSES FALL            |
[Wed Nov 28 23:26:57 EST 2018] [INFO] 
UDP AT PORT soen GET REPLY FROM 6669   |
INSE2--2 INSE1--2                      |
